c:\users\public\graphics programming\proiect_2015\newtrainingframework_2015\newtrainingframework\debug-nvidia\newtrainingframework.pch
c:\users\public\graphics programming\proiect_2015\newtrainingframework_2015\newtrainingframework\debug-nvidia\vc143.pdb
c:\users\public\graphics programming\proiect_2015\newtrainingframework_2015\newtrainingframework\debug-nvidia\vc143.idb
c:\users\public\graphics programming\proiect_2015\newtrainingframework_2015\newtrainingframework\debug-nvidia\stdafx.obj
c:\users\public\graphics programming\proiect_2015\newtrainingframework_2015\newtrainingframework\debug-nvidia\camera.obj
c:\users\public\graphics programming\proiect_2015\newtrainingframework_2015\newtrainingframework\debug-nvidia\globals.obj
c:\users\public\graphics programming\proiect_2015\newtrainingframework_2015\newtrainingframework\debug-nvidia\model.obj
c:\users\public\graphics programming\proiect_2015\newtrainingframework_2015\newtrainingframework\debug-nvidia\newtrainingframework.obj
c:\users\public\graphics programming\proiect_2015\newtrainingframework_2015\newtrainingframework\debug-nvidia\shader.obj
c:\users\public\graphics programming\proiect_2015\newtrainingframework_2015\newtrainingframework\debug-nvidia\shaders.obj
c:\users\public\graphics programming\proiect_2015\newtrainingframework_2015\newtrainingframework\debug-nvidia\texture.obj
c:\users\public\graphics programming\proiect_2015\newtrainingframework_2015\newtrainingframework\debug-nvidia\resourcemanager.obj
c:\users\public\graphics programming\proiect_2015\newtrainingframework_2015\bin-nvidia\newtrainingframework.exe
c:\users\public\graphics programming\proiect_2015\newtrainingframework_2015\bin-nvidia\newtrainingframework.pdb
c:\users\public\graphics programming\proiect_2015\newtrainingframework_2015\newtrainingframework\debug-nvidia\newtrainingframework.res
c:\users\public\graphics programming\proiect_2015\newtrainingframework_2015\newtrainingframework\debug-nvidia\newtrainingframework.ilk
c:\users\public\graphics programming\proiect_2015\newtrainingframework_2015\\bin-nvidia\newtrainingframework.pdb
c:\users\public\graphics programming\proiect_2015\newtrainingframework_2015\newtrainingframework\debug-nvidia\newtrain.fc024ec8.tlog\cl.command.1.tlog
c:\users\public\graphics programming\proiect_2015\newtrainingframework_2015\newtrainingframework\debug-nvidia\newtrain.fc024ec8.tlog\cl.items.tlog
c:\users\public\graphics programming\proiect_2015\newtrainingframework_2015\newtrainingframework\debug-nvidia\newtrain.fc024ec8.tlog\cl.read.1.tlog
c:\users\public\graphics programming\proiect_2015\newtrainingframework_2015\newtrainingframework\debug-nvidia\newtrain.fc024ec8.tlog\cl.write.1.tlog
c:\users\public\graphics programming\proiect_2015\newtrainingframework_2015\newtrainingframework\debug-nvidia\newtrain.fc024ec8.tlog\link.command.1.tlog
c:\users\public\graphics programming\proiect_2015\newtrainingframework_2015\newtrainingframework\debug-nvidia\newtrain.fc024ec8.tlog\link.read.1.tlog
c:\users\public\graphics programming\proiect_2015\newtrainingframework_2015\newtrainingframework\debug-nvidia\newtrain.fc024ec8.tlog\link.secondary.1.tlog
c:\users\public\graphics programming\proiect_2015\newtrainingframework_2015\newtrainingframework\debug-nvidia\newtrain.fc024ec8.tlog\link.write.1.tlog
c:\users\public\graphics programming\proiect_2015\newtrainingframework_2015\newtrainingframework\debug-nvidia\newtrain.fc024ec8.tlog\rc.command.1.tlog
c:\users\public\graphics programming\proiect_2015\newtrainingframework_2015\newtrainingframework\debug-nvidia\newtrain.fc024ec8.tlog\rc.read.1.tlog
c:\users\public\graphics programming\proiect_2015\newtrainingframework_2015\newtrainingframework\debug-nvidia\newtrain.fc024ec8.tlog\rc.write.1.tlog
